<?xml version="1.0" encoding="UTF-8"?>
<!-- Generated by org.testng.reporters.JUnitXMLReporter -->
<testsuite hostname="LAPTOP-IHOSLHHL" ignored="0" name="smokeTest" tests="9" failures="0" timestamp="28 Feb 2019 11:17:55 GMT" time="42.254" errors="0">
  <testcase name="logintest" time="19.023" classname="parameterisation.testNGparameterisation"/>
  <testcase name="secondtestcase" time="0.002" classname="parameterisation.testNGparameterisation"/>
  <testcase name="spicejettesting" time="10.0" classname="parameterisation.testNGparameterisation"/>
  <testcase name="urlecheck" time="0.018" classname="parameterisation.testNGparameterisation"/>
  <testcase name="titlecheck" time="0.009" classname="parameterisation.testNGparameterisation"/>
  <testcase name="handlecheck" time="0.013" classname="parameterisation.testNGparameterisation"/>
  <testcase name="radioOneWay" time="0.175" classname="parameterisation.testNGparameterisation"/>
  <testcase name="radio_RoundTrip" time="0.449" classname="parameterisation.testNGparameterisation"/>
  <testcase name="radio_Multicity" time="0.456" classname="parameterisation.testNGparameterisation"/>
</testsuite> <!-- smokeTest -->
