<?xml version="1.0" encoding="UTF-8"?>
<testng-results skipped="0" failed="0" ignored="0" total="3" passed="3">
  <reporter-output>
  </reporter-output>
  <suite name="Suite" duration-ms="65" started-at="2019-05-17T14:12:53Z" finished-at="2019-05-17T14:12:53Z">
    <groups>
    </groups>
    <test name="Test" duration-ms="65" started-at="2019-05-17T14:12:53Z" finished-at="2019-05-17T14:12:53Z">
      <class name="cde.NewTest">
        <test-method status="PASS" signature="test1()[pri:1, instance:cde.NewTest@475530b9]" name="test1" duration-ms="10" started-at="2019-05-17T14:12:53Z" finished-at="2019-05-17T14:12:53Z">
          <reporter-output>
          </reporter-output>
        </test-method> <!-- test1 -->
        <test-method status="PASS" signature="test2()[pri:2, instance:cde.NewTest@475530b9]" name="test2" duration-ms="5" started-at="2019-05-17T14:12:53Z" finished-at="2019-05-17T14:12:53Z">
          <reporter-output>
          </reporter-output>
        </test-method> <!-- test2 -->
        <test-method status="PASS" signature="test3()[pri:3, instance:cde.NewTest@475530b9]" name="test3" duration-ms="4" started-at="2019-05-17T14:12:53Z" finished-at="2019-05-17T14:12:53Z">
          <reporter-output>
          </reporter-output>
        </test-method> <!-- test3 -->
      </class> <!-- cde.NewTest -->
    </test> <!-- Test -->
  </suite> <!-- Suite -->
</testng-results>
