<?xml version="1.0" encoding="UTF-8"?>
<!-- Generated by org.testng.reporters.JUnitXMLReporter -->
<testsuite hostname="LAPTOP-IHOSLHHL" ignored="0" name="Default test" tests="3" failures="0" timestamp="17 May 2019 13:39:40 GMT" time="0.071" errors="0">
  <testcase name="test1" time="0.016" classname="extendreport.Extendreporttesting.NewTest"/>
  <testcase name="test2" time="0.0" classname="extendreport.Extendreporttesting.NewTest"/>
  <testcase name="test3" time="0.003" classname="extendreport.Extendreporttesting.NewTest"/>
</testsuite> <!-- Default test -->
