<?xml version="1.0" encoding="UTF-8"?>
<testng-results skipped="0" failed="0" ignored="0" total="6" passed="6">
  <reporter-output>
  </reporter-output>
  <suite name="Default suite" duration-ms="51812" started-at="2019-05-24T11:08:24Z" finished-at="2019-05-24T11:09:16Z">
    <groups>
    </groups>
    <test name="Default test" duration-ms="51812" started-at="2019-05-24T11:08:24Z" finished-at="2019-05-24T11:09:16Z">
      <class name="d1.Excelhandle8">
        <test-method status="PASS" signature="setup()[pri:0, instance:d1.Excelhandle8@14acaea5]" name="setup" is-config="true" duration-ms="9120" started-at="2019-05-24T11:08:25Z" finished-at="2019-05-24T11:08:34Z">
          <reporter-output>
          </reporter-output>
        </test-method> <!-- setup -->
        <test-method status="PASS" signature="filltheform(java.lang.String, java.lang.String)[pri:1, instance:d1.Excelhandle8@14acaea5]" name="filltheform" duration-ms="414" started-at="2019-05-24T11:08:34Z" data-provider="abc" finished-at="2019-05-24T11:08:35Z">
          <params>
            <param index="0">
              <value>
                <![CDATA[rohan0]]>
              </value>
            </param>
            <param index="1">
              <value>
                <![CDATA[kotalwar0]]>
              </value>
            </param>
          </params>
          <reporter-output>
          </reporter-output>
        </test-method> <!-- filltheform -->
        <test-method status="PASS" signature="TearDown()[pri:0, instance:d1.Excelhandle8@14acaea5]" name="TearDown" is-config="true" duration-ms="202" started-at="2019-05-24T11:08:35Z" finished-at="2019-05-24T11:08:35Z">
          <reporter-output>
          </reporter-output>
        </test-method> <!-- TearDown -->
        <test-method status="PASS" signature="setup()[pri:0, instance:d1.Excelhandle8@14acaea5]" name="setup" is-config="true" duration-ms="7865" started-at="2019-05-24T11:08:35Z" finished-at="2019-05-24T11:08:43Z">
          <reporter-output>
          </reporter-output>
        </test-method> <!-- setup -->
        <test-method status="PASS" signature="filltheform(java.lang.String, java.lang.String)[pri:1, instance:d1.Excelhandle8@14acaea5]" name="filltheform" duration-ms="396" started-at="2019-05-24T11:08:43Z" data-provider="abc" finished-at="2019-05-24T11:08:43Z">
          <params>
            <param index="0">
              <value>
                <![CDATA[rohan1]]>
              </value>
            </param>
            <param index="1">
              <value>
                <![CDATA[kotalwar1]]>
              </value>
            </param>
          </params>
          <reporter-output>
          </reporter-output>
        </test-method> <!-- filltheform -->
        <test-method status="PASS" signature="TearDown()[pri:0, instance:d1.Excelhandle8@14acaea5]" name="TearDown" is-config="true" duration-ms="217" started-at="2019-05-24T11:08:43Z" finished-at="2019-05-24T11:08:43Z">
          <reporter-output>
          </reporter-output>
        </test-method> <!-- TearDown -->
        <test-method status="PASS" signature="setup()[pri:0, instance:d1.Excelhandle8@14acaea5]" name="setup" is-config="true" duration-ms="6459" started-at="2019-05-24T11:08:43Z" finished-at="2019-05-24T11:08:50Z">
          <reporter-output>
          </reporter-output>
        </test-method> <!-- setup -->
        <test-method status="PASS" signature="filltheform(java.lang.String, java.lang.String)[pri:1, instance:d1.Excelhandle8@14acaea5]" name="filltheform" duration-ms="359" started-at="2019-05-24T11:08:50Z" data-provider="abc" finished-at="2019-05-24T11:08:50Z">
          <params>
            <param index="0">
              <value>
                <![CDATA[rohan12]]>
              </value>
            </param>
            <param index="1">
              <value>
                <![CDATA[kotalwar2]]>
              </value>
            </param>
          </params>
          <reporter-output>
          </reporter-output>
        </test-method> <!-- filltheform -->
        <test-method status="PASS" signature="TearDown()[pri:0, instance:d1.Excelhandle8@14acaea5]" name="TearDown" is-config="true" duration-ms="198" started-at="2019-05-24T11:08:50Z" finished-at="2019-05-24T11:08:50Z">
          <reporter-output>
          </reporter-output>
        </test-method> <!-- TearDown -->
        <test-method status="PASS" signature="setup()[pri:0, instance:d1.Excelhandle8@14acaea5]" name="setup" is-config="true" duration-ms="8675" started-at="2019-05-24T11:08:50Z" finished-at="2019-05-24T11:08:59Z">
          <reporter-output>
          </reporter-output>
        </test-method> <!-- setup -->
        <test-method status="PASS" signature="filltheform(java.lang.String, java.lang.String)[pri:1, instance:d1.Excelhandle8@14acaea5]" name="filltheform" duration-ms="334" started-at="2019-05-24T11:08:59Z" data-provider="abc" finished-at="2019-05-24T11:08:59Z">
          <params>
            <param index="0">
              <value>
                <![CDATA[rohan13]]>
              </value>
            </param>
            <param index="1">
              <value>
                <![CDATA[kotalwar3]]>
              </value>
            </param>
          </params>
          <reporter-output>
          </reporter-output>
        </test-method> <!-- filltheform -->
        <test-method status="PASS" signature="TearDown()[pri:0, instance:d1.Excelhandle8@14acaea5]" name="TearDown" is-config="true" duration-ms="229" started-at="2019-05-24T11:08:59Z" finished-at="2019-05-24T11:09:00Z">
          <reporter-output>
          </reporter-output>
        </test-method> <!-- TearDown -->
        <test-method status="PASS" signature="setup()[pri:0, instance:d1.Excelhandle8@14acaea5]" name="setup" is-config="true" duration-ms="7102" started-at="2019-05-24T11:09:00Z" finished-at="2019-05-24T11:09:07Z">
          <reporter-output>
          </reporter-output>
        </test-method> <!-- setup -->
        <test-method status="PASS" signature="filltheform(java.lang.String, java.lang.String)[pri:1, instance:d1.Excelhandle8@14acaea5]" name="filltheform" duration-ms="360" started-at="2019-05-24T11:09:07Z" data-provider="abc" finished-at="2019-05-24T11:09:07Z">
          <params>
            <param index="0">
              <value>
                <![CDATA[rohan14]]>
              </value>
            </param>
            <param index="1">
              <value>
                <![CDATA[kotalwar4]]>
              </value>
            </param>
          </params>
          <reporter-output>
          </reporter-output>
        </test-method> <!-- filltheform -->
        <test-method status="PASS" signature="TearDown()[pri:0, instance:d1.Excelhandle8@14acaea5]" name="TearDown" is-config="true" duration-ms="176" started-at="2019-05-24T11:09:07Z" finished-at="2019-05-24T11:09:07Z">
          <reporter-output>
          </reporter-output>
        </test-method> <!-- TearDown -->
        <test-method status="PASS" signature="setup()[pri:0, instance:d1.Excelhandle8@14acaea5]" name="setup" is-config="true" duration-ms="6464" started-at="2019-05-24T11:09:07Z" finished-at="2019-05-24T11:09:14Z">
          <reporter-output>
          </reporter-output>
        </test-method> <!-- setup -->
        <test-method status="PASS" signature="name()[pri:2, instance:d1.Excelhandle8@14acaea5]" name="name" duration-ms="2" started-at="2019-05-24T11:09:14Z" finished-at="2019-05-24T11:09:14Z">
          <reporter-output>
          </reporter-output>
        </test-method> <!-- name -->
        <test-method status="PASS" signature="TearDown()[pri:0, instance:d1.Excelhandle8@14acaea5]" name="TearDown" is-config="true" duration-ms="2140" started-at="2019-05-24T11:09:14Z" finished-at="2019-05-24T11:09:16Z">
          <reporter-output>
          </reporter-output>
        </test-method> <!-- TearDown -->
      </class> <!-- d1.Excelhandle8 -->
    </test> <!-- Default test -->
  </suite> <!-- Default suite -->
</testng-results>
